<?xml version="1.0" encoding="UTF-8"?>
<!-- Generated by org.testng.reporters.JUnitReportReporter -->
<testsuite hostname="Manasamayu" failures="0" tests="7" name="com.automation.tests.LogInTest" time="71.342" errors="0" timestamp="2024-01-19T13:24:42 IST" skipped="0">
  <testcase classname="com.automation.tests.LogInTest" name="loginTest" time="11.269"/>
  <testcase classname="com.automation.tests.LogInTest" name="loginTest" time="10.067"/>
  <testcase classname="com.automation.tests.LogInTest" name="loginTest" time="9.967"/>
  <testcase classname="com.automation.tests.LogInTest" name="loginTest" time="9.943"/>
  <testcase classname="com.automation.tests.LogInTest" name="loginTest" time="10.045"/>
  <testcase classname="com.automation.tests.LogInTest" name="loginTest" time="9.955"/>
  <testcase classname="com.automation.tests.LogInTest" name="loginTest" time="10.096"/>
</testsuite> <!-- com.automation.tests.LogInTest -->
